Arguments: 
  C:\Program Files\nodejs\node.exe C:\Users\lenvov\AppData\Roaming\npm\node_modules\yarn\bin\yarn.js add ng2-webstorage

PATH: 
  C:\Users\lenvov\AppData\Local\Yarn\bin;C:\Program Files\Python36;E:\newTool\phantomjs-2.1.1-windows\bin;E:\Git\bin;E:\ideaIU-2017.2.3.win\bin;C:\ProgramData\Oracle\Java\javapath;C:\Windows\syswow64\;C:\Program Files (x86)\Common Files\NetSarang;F:\app\lenvov\product\11.2.0\dbhome_1\bin;C:\Program Files (x86)\Intel\iCLS Client\;C:\Program Files\Intel\iCLS Client\;C:\Program Files (x86)\NVIDIA Corporation\PhysX\Common;C:\Windows\system32;C:\Windows;C:\Windows\System32\Wbem;C:\Windows\System32\WindowsPowerShell\v1.0\;C:\Program Files\Intel\Intel(R) Management Engine Components\DAL;C:\Program Files\Intel\Intel(R) Management Engine Components\IPT;C:\Program Files (x86)\Intel\Intel(R) Management Engine Components\DAL;C:\Program Files (x86)\Intel\Intel(R) Management Engine Components\IPT;E:\jdk64\bin;E:\jdk64\jre7\bin;E:\svn\bin;C:\Program Files (x86)\Microsoft SQL Server\90\Tools\binn\;C:\Program Files\Microsoft Network Monitor 3\;C:\Program Files\Microsoft\Web Platform Installer\;C:\Program Files (x86)\Microsoft ASP.NET\ASP.NET Web Pages\v1.0\;C:\Program Files (x86)\Windows Kits\8.0\Windows Performance Toolkit\;C:\Program Files\Microsoft SQL Server\110\Tools\Binn\;E:\Maven\apache-maven-3.3.9\bin;C:\Program Files\MySQL\MySQL Server 5.5\bin;C:\Program Files\nodejs\;C:\Users\lenvov\AppData\Roaming\npm;E:\Microsoft VS Code\bin

Yarn version: 
  1.0.0

Node version: 
  8.2.1

Platform: 
  win32 x64

npm manifest: 
  {
    "name": "ngx-admin",
    "version": "2.0.0",
    "license": "MIT",
    "scripts": {
      "ng": "ng",
      "start": "ng serve",
      "start:hmr": "ng serve --hmr",
      "start:aot": "ng serve --aot",
      "build": "rimraf dist && ng build",
      "build:prod": "npm run build -- --prod",
      "build:prod:aot": "npm run build:prod -- --aot",
      "build:ci": "npm-run-all -p -r build:prod build:prod:aot",
      "test": "ng test -sr",
      "test:coverage": "rimraf coverage && npm run test -- -cc",
      "lint": "ng lint --type-check",
      "lint:fix": "ng lint --fix",
      "lint:styles": "stylelint ./src/**/*.scss",
      "lint:ci": "npm run lint && npm run lint:styles",
      "pree2e": "webdriver-manager update --standalone false --gecko false",
      "e2e": "ng e2e",
      "docs": "compodoc -p src/tsconfig.app.json -d docs",
      "docs:serve": "compodoc -p src/tsconfig.app.json -d docs -s",
      "prepush": "npm run lint:ci"
    },
    "dependencies": {
      "@agm/core": "1.0.0-beta.0",
      "@angular/animations": "4.3.2",
      "@angular/common": "4.3.2",
      "@angular/compiler": "4.3.2",
      "@angular/core": "4.3.2",
      "@angular/forms": "4.3.2",
      "@angular/http": "4.3.2",
      "@angular/platform-browser": "4.3.2",
      "@angular/platform-browser-dynamic": "4.3.2",
      "@angular/router": "4.3.2",
      "@asymmetrik/angular2-leaflet": "2.1.4",
      "@nebular/auth": "D:/jhipster/ngAdmin/nebular-master/src/framework/auth",
      "@nebular/theme": "D:/jhipster/ngAdmin/nebular-master/src/framework/theme",
      "@ng-bootstrap/ng-bootstrap": "1.0.0-alpha.26",
      "@swimlane/ngx-charts": "5.2.0",
      "angular2-chartjs": "^0.3.0",
      "angular2-toaster": "4.0.0",
      "bootstrap": "4.0.0-alpha.6",
      "chart.js": "2.5.0",
      "ckeditor": "4.6.2",
      "classlist.js": "1.1.20150312",
      "core-js": "2.4.1",
      "d3": "4.8.0",
      "font-awesome": "4.7.0",
      "intl": "1.2.5",
      "ionicons": "2.0.1",
      "leaflet": "1.0.3",
      "nebular": "file:../nebular-master",
      "nebular-icons": "1.0.6",
      "ng2-ckeditor": "1.1.6",
      "ng2-smart-table": "1.1.0",
      "ng2-tree": "2.0.0-alpha.5",
      "ngx-echarts": "1.2.2",
      "normalize.css": "6.0.0",
      "pace-js": "^1.0.2",
      "roboto-fontface": "0.8.0",
      "rxjs": "5.4.2",
      "socicon": "^3.0.5",
      "tether": "1.4.0",
      "tinymce": "4.5.7",
      "typeface-exo": "0.0.22",
      "web-animations-js": "2.2.5",
      "zone.js": "0.8.16"
    },
    "devDependencies": {
      "@angular/cli": "1.2.6",
      "@angular/compiler-cli": "4.3.2",
      "@angular/language-service": "4.3.2",
      "@compodoc/compodoc": "^1.0.1",
      "@types/d3-color": "1.0.4",
      "@types/jasmine": "2.5.38",
      "@types/jasminewd2": "2.0.2",
      "@types/leaflet": "1.0.60",
      "@types/node": "6.0.74",
      "angular-cli-ghpages": "0.5.0",
      "codelyzer": "3.0.1",
      "husky": "0.13.3",
      "jasmine-core": "2.6.2",
      "jasmine-spec-reporter": "4.1.0",
      "karma": "1.7.0",
      "karma-chrome-launcher": "2.1.1",
      "karma-cli": "1.0.1",
      "karma-coverage-istanbul-reporter": "1.3.0",
      "karma-jasmine": "1.1.0",
      "karma-jasmine-html-reporter": "0.2.2",
      "npm-run-all": "4.0.2",
      "protractor": "5.1.2",
      "rimraf": "2.6.1",
      "stylelint": "7.13.0",
      "ts-node": "3.0.4",
      "tslint": "5.4.2",
      "tslint-language-service": "0.9.6",
      "typescript": "2.3.4"
    }
  }

yarn manifest: 
  No manifest

Lockfile: 
  No lockfile

Trace: 
  Error: http://registry.npm.taobao.org/ckeditor/download/ckeditor-4.6.2.tgz: unexpected end of file
      at Gunzip.zlibOnError (zlib.js:152:15)
